{"C:\\python codes\\event-driven-notification-engine\\src\\analytics\\metrics.ts": {"path":"C:\\python codes\\event-driven-notification-engine\\src\\analytics\\metrics.ts","statementMap":{"0":{"start":{"line":11,"column":0},"end":{"line":11,"column":16}},"1":{"start":{"line":25,"column":0},"end":{"line":25,"column":16}},"2":{"start":{"line":39,"column":0},"end":{"line":39,"column":16}},"3":{"start":{"line":56,"column":0},"end":{"line":56,"column":16}},"4":{"start":{"line":1,"column":16},"end":{"line":9,"column":2}},"5":{"start":{"line":16,"column":4},"end":{"line":16,"column":40}},"6":{"start":{"line":18,"column":2},"end":{"line":21,"column":4}},"7":{"start":{"line":30,"column":4},"end":{"line":30,"column":38}},"8":{"start":{"line":32,"column":2},"end":{"line":35,"column":4}},"9":{"start":{"line":45,"column":4},"end":{"line":45,"column":38}},"10":{"start":{"line":47,"column":2},"end":{"line":47,"column":18}},"11":{"start":{"line":49,"column":2},"end":{"line":52,"column":4}},"12":{"start":{"line":58,"column":2},"end":{"line":58,"column":17}}},"fnMap":{"0":{"name":"recordDelivery","decl":{"start":{"line":11,"column":16},"end":{"line":11,"column":30}},"loc":{"start":{"line":12,"column":17},"end":{"line":23,"column":1}}},"1":{"name":"recordFailure","decl":{"start":{"line":25,"column":16},"end":{"line":25,"column":29}},"loc":{"start":{"line":26,"column":17},"end":{"line":37,"column":1}}},"2":{"name":"recordLatency","decl":{"start":{"line":39,"column":16},"end":{"line":39,"column":29}},"loc":{"start":{"line":41,"column":14},"end":{"line":54,"column":1}}},"3":{"name":"getMetrics","decl":{"start":{"line":56,"column":16},"end":{"line":56,"column":26}},"loc":{"start":{"line":56,"column":26},"end":{"line":60,"column":1}}}},"branchMap":{"0":{"loc":{"start":{"line":16,"column":4},"end":{"line":16,"column":40}},"type":"binary-expr","locations":[{"start":{"line":16,"column":4},"end":{"line":16,"column":35}},{"start":{"line":16,"column":39},"end":{"line":16,"column":40}}]},"1":{"loc":{"start":{"line":30,"column":4},"end":{"line":30,"column":38}},"type":"binary-expr","locations":[{"start":{"line":30,"column":4},"end":{"line":30,"column":33}},{"start":{"line":30,"column":37},"end":{"line":30,"column":38}}]},"2":{"loc":{"start":{"line":45,"column":4},"end":{"line":45,"column":38}},"type":"binary-expr","locations":[{"start":{"line":45,"column":4},"end":{"line":45,"column":32}},{"start":{"line":45,"column":36},"end":{"line":45,"column":38}}]}},"s":{"0":1,"1":1,"2":1,"3":1,"4":1,"5":1,"6":1,"7":0,"8":0,"9":0,"10":0,"11":0,"12":1},"f":{"0":1,"1":0,"2":0,"3":1},"b":{"0":[1,1],"1":[0,0],"2":[0,0]}}
,"C:\\python codes\\event-driven-notification-engine\\src\\circuitbreaker\\circuitBreaker.ts": {"path":"C:\\python codes\\event-driven-notification-engine\\src\\circuitbreaker\\circuitBreaker.ts","statementMap":{"0":{"start":{"line":1,"column":0},"end":{"line":1,"column":null}},"1":{"start":{"line":2,"column":2},"end":{"line":2,"column":null}},"2":{"start":{"line":3,"column":2},"end":{"line":3,"column":null}},"3":{"start":{"line":4,"column":2},"end":{"line":4,"column":null}},"4":{"start":{"line":9,"column":21},"end":{"line":9,"column":22}},"5":{"start":{"line":11,"column":31},"end":{"line":11,"column":32}},"6":{"start":{"line":13,"column":18},"end":{"line":13,"column":37}},"7":{"start":{"line":15,"column":24},"end":{"line":15,"column":25}},"8":{"start":{"line":17,"column":29},"end":{"line":17,"column":34}},"9":{"start":{"line":23,"column":4},"end":{"line":43,"column":5}},"10":{"start":{"line":27,"column":6},"end":{"line":41,"column":7}},"11":{"start":{"line":32,"column":8},"end":{"line":33,"column":33}},"12":{"start":{"line":37,"column":8},"end":{"line":39,"column":10}},"13":{"start":{"line":45,"column":4},"end":{"line":76,"column":5}},"14":{"start":{"line":48,"column":8},"end":{"line":48,"column":25}},"15":{"start":{"line":50,"column":6},"end":{"line":50,"column":24}},"16":{"start":{"line":52,"column":6},"end":{"line":53,"column":28}},"17":{"start":{"line":55,"column":6},"end":{"line":55,"column":20}},"18":{"start":{"line":59,"column":6},"end":{"line":59,"column":22}},"19":{"start":{"line":61,"column":6},"end":{"line":62,"column":19}},"20":{"start":{"line":64,"column":6},"end":{"line":72,"column":7}},"21":{"start":{"line":69,"column":8},"end":{"line":70,"column":28}},"22":{"start":{"line":74,"column":6},"end":{"line":74,"column":18}},"23":{"start":{"line":7,"column":0},"end":{"line":7,"column":13}}},"fnMap":{"0":{"name":"(anonymous_0)","decl":{"start":{"line":1,"column":0},"end":{"line":1,"column":12}},"loc":{"start":{"line":1,"column":24},"end":{"line":5,"column":1}}},"1":{"name":"(anonymous_1)","decl":{"start":{"line":19,"column":2},"end":{"line":19,"column":7}},"loc":{"start":{"line":20,"column":31},"end":{"line":78,"column":3}}}},"branchMap":{"0":{"loc":{"start":{"line":1,"column":12},"end":{"line":1,"column":null}},"type":"binary-expr","locations":[{"start":{"line":1,"column":12},"end":{"line":1,"column":24}},{"start":{"line":1,"column":24},"end":{"line":1,"column":null}}]},"1":{"loc":{"start":{"line":23,"column":4},"end":{"line":43,"column":5}},"type":"if","locations":[{"start":{"line":23,"column":4},"end":{"line":43,"column":5}},{"start":{},"end":{}}]},"2":{"loc":{"start":{"line":27,"column":6},"end":{"line":41,"column":7}},"type":"if","locations":[{"start":{"line":27,"column":6},"end":{"line":41,"column":7}},{"start":{"line":35,"column":13},"end":{"line":41,"column":7}}]},"3":{"loc":{"start":{"line":64,"column":6},"end":{"line":72,"column":7}},"type":"if","locations":[{"start":{"line":64,"column":6},"end":{"line":72,"column":7}},{"start":{},"end":{}}]}},"s":{"0":1,"1":1,"2":1,"3":1,"4":1,"5":1,"6":1,"7":1,"8":1,"9":1,"10":0,"11":0,"12":0,"13":1,"14":1,"15":0,"16":0,"17":0,"18":1,"19":1,"20":1,"21":0,"22":1,"23":1},"f":{"0":1,"1":1},"b":{"0":[1,1],"1":[0,1],"2":[0,0],"3":[0,1]}}
,"C:\\python codes\\event-driven-notification-engine\\src\\compliance\\classificationEngine.ts": {"path":"C:\\python codes\\event-driven-notification-engine\\src\\compliance\\classificationEngine.ts","statementMap":{"0":{"start":{"line":5,"column":0},"end":{"line":5,"column":16}},"1":{"start":{"line":9,"column":2},"end":{"line":15,"column":3}},"2":{"start":{"line":14,"column":4},"end":{"line":14,"column":27}},"3":{"start":{"line":17,"column":2},"end":{"line":17,"column":23}}},"fnMap":{"0":{"name":"classifyNotification","decl":{"start":{"line":5,"column":16},"end":{"line":5,"column":36}},"loc":{"start":{"line":6,"column":19},"end":{"line":18,"column":1}}}},"branchMap":{"0":{"loc":{"start":{"line":9,"column":2},"end":{"line":15,"column":3}},"type":"if","locations":[{"start":{"line":9,"column":2},"end":{"line":15,"column":3}},{"start":{},"end":{}}]},"1":{"loc":{"start":{"line":10,"column":4},"end":{"line":12,"column":32}},"type":"binary-expr","locations":[{"start":{"line":10,"column":4},"end":{"line":10,"column":32}},{"start":{"line":11,"column":4},"end":{"line":11,"column":32}},{"start":{"line":12,"column":4},"end":{"line":12,"column":32}}]}},"s":{"0":1,"1":4,"2":3,"3":1},"f":{"0":4},"b":{"0":[3,1],"1":[4,3,2]}}
,"C:\\python codes\\event-driven-notification-engine\\src\\compliance\\quietHours.ts": {"path":"C:\\python codes\\event-driven-notification-engine\\src\\compliance\\quietHours.ts","statementMap":{"0":{"start":{"line":1,"column":0},"end":{"line":1,"column":16}},"1":{"start":{"line":5,"column":15},"end":{"line":5,"column":25}},"2":{"start":{"line":7,"column":15},"end":{"line":12,"column":null}},"3":{"start":{"line":15,"column":2},"end":{"line":15,"column":32}}},"fnMap":{"0":{"name":"isQuietHours","decl":{"start":{"line":1,"column":16},"end":{"line":1,"column":28}},"loc":{"start":{"line":2,"column":35},"end":{"line":16,"column":1}}}},"branchMap":{"0":{"loc":{"start":{"line":2,"column":2},"end":{"line":2,"column":35}},"type":"default-arg","locations":[{"start":{"line":2,"column":21},"end":{"line":2,"column":35}}]},"1":{"loc":{"start":{"line":15,"column":9},"end":{"line":15,"column":31}},"type":"binary-expr","locations":[{"start":{"line":15,"column":9},"end":{"line":15,"column":19}},{"start":{"line":15,"column":23},"end":{"line":15,"column":31}}]}},"s":{"0":1,"1":4,"2":4,"3":4},"f":{"0":4},"b":{"0":[3],"1":[4,4]}}
,"C:\\python codes\\event-driven-notification-engine\\src\\localization\\localizationLoader.ts": {"path":"C:\\python codes\\event-driven-notification-engine\\src\\localization\\localizationLoader.ts","statementMap":{"0":{"start":{"line":15,"column":0},"end":{"line":15,"column":16}},"1":{"start":{"line":1,"column":0},"end":{"line":1,"column":27}},"2":{"start":{"line":2,"column":0},"end":{"line":2,"column":27}},"3":{"start":{"line":3,"column":0},"end":{"line":3,"column":27}},"4":{"start":{"line":4,"column":0},"end":{"line":4,"column":27}},"5":{"start":{"line":5,"column":0},"end":{"line":5,"column":27}},"6":{"start":{"line":7,"column":16},"end":{"line":13,"column":2}},"7":{"start":{"line":16,"column":2},"end":{"line":18,"column":10}}},"fnMap":{"0":{"name":"getLocale","decl":{"start":{"line":15,"column":16},"end":{"line":15,"column":25}},"loc":{"start":{"line":15,"column":42},"end":{"line":19,"column":1}}}},"branchMap":{"0":{"loc":{"start":{"line":16,"column":9},"end":{"line":18,"column":9}},"type":"binary-expr","locations":[{"start":{"line":16,"column":9},"end":{"line":17,"column":null}},{"start":{"line":18,"column":7},"end":{"line":18,"column":9}}]}},"s":{"0":1,"1":1,"2":1,"3":1,"4":1,"5":1,"6":1,"7":3},"f":{"0":3},"b":{"0":[3,1]}}
,"C:\\python codes\\event-driven-notification-engine\\src\\providers\\EmailProvider.ts": {"path":"C:\\python codes\\event-driven-notification-engine\\src\\providers\\EmailProvider.ts","statementMap":{"0":{"start":{"line":1,"column":0},"end":{"line":1,"column":36}},"1":{"start":{"line":7,"column":24},"end":{"line":15,"column":4}},"2":{"start":{"line":23,"column":4},"end":{"line":28,"column":7}},"3":{"start":{"line":30,"column":4},"end":{"line":34,"column":6}},"4":{"start":{"line":38,"column":4},"end":{"line":38,"column":16}},"5":{"start":{"line":5,"column":0},"end":{"line":5,"column":13}}},"fnMap":{"0":{"name":"(anonymous_1)","decl":{"start":{"line":17,"column":2},"end":{"line":17,"column":7}},"loc":{"start":{"line":20,"column":19},"end":{"line":35,"column":3}}},"1":{"name":"(anonymous_2)","decl":{"start":{"line":37,"column":2},"end":{"line":37,"column":7}},"loc":{"start":{"line":37,"column":19},"end":{"line":39,"column":3}}}},"branchMap":{},"s":{"0":1,"1":2,"2":1,"3":1,"4":1,"5":1},"f":{"0":1,"1":1},"b":{}}
,"C:\\python codes\\event-driven-notification-engine\\src\\providers\\InAppProvider.ts": {"path":"C:\\python codes\\event-driven-notification-engine\\src\\providers\\InAppProvider.ts","statementMap":{"0":{"start":{"line":12,"column":4},"end":{"line":12,"column":60}},"1":{"start":{"line":13,"column":4},"end":{"line":13,"column":25}},"2":{"start":{"line":15,"column":4},"end":{"line":19,"column":6}},"3":{"start":{"line":23,"column":4},"end":{"line":23,"column":16}},"4":{"start":{"line":4,"column":0},"end":{"line":4,"column":13}}},"fnMap":{"0":{"name":"(anonymous_0)","decl":{"start":{"line":6,"column":2},"end":{"line":6,"column":7}},"loc":{"start":{"line":9,"column":19},"end":{"line":20,"column":3}}},"1":{"name":"(anonymous_1)","decl":{"start":{"line":22,"column":2},"end":{"line":22,"column":7}},"loc":{"start":{"line":22,"column":19},"end":{"line":24,"column":3}}}},"branchMap":{},"s":{"0":1,"1":1,"2":1,"3":1,"4":1},"f":{"0":1,"1":1},"b":{}}
,"C:\\python codes\\event-driven-notification-engine\\src\\providers\\PushProvider.ts": {"path":"C:\\python codes\\event-driven-notification-engine\\src\\providers\\PushProvider.ts","statementMap":{"0":{"start":{"line":12,"column":4},"end":{"line":12,"column":58}},"1":{"start":{"line":13,"column":4},"end":{"line":13,"column":25}},"2":{"start":{"line":15,"column":4},"end":{"line":19,"column":6}},"3":{"start":{"line":23,"column":4},"end":{"line":23,"column":16}},"4":{"start":{"line":4,"column":0},"end":{"line":4,"column":13}}},"fnMap":{"0":{"name":"(anonymous_0)","decl":{"start":{"line":6,"column":2},"end":{"line":6,"column":7}},"loc":{"start":{"line":9,"column":19},"end":{"line":20,"column":3}}},"1":{"name":"(anonymous_1)","decl":{"start":{"line":22,"column":2},"end":{"line":22,"column":7}},"loc":{"start":{"line":22,"column":19},"end":{"line":24,"column":3}}}},"branchMap":{},"s":{"0":1,"1":1,"2":1,"3":1,"4":1},"f":{"0":1,"1":1},"b":{}}
,"C:\\python codes\\event-driven-notification-engine\\src\\providers\\SMSProvider.ts": {"path":"C:\\python codes\\event-driven-notification-engine\\src\\providers\\SMSProvider.ts","statementMap":{"0":{"start":{"line":12,"column":4},"end":{"line":12,"column":44}},"1":{"start":{"line":13,"column":4},"end":{"line":13,"column":25}},"2":{"start":{"line":15,"column":4},"end":{"line":19,"column":6}},"3":{"start":{"line":23,"column":4},"end":{"line":23,"column":16}},"4":{"start":{"line":4,"column":0},"end":{"line":4,"column":13}}},"fnMap":{"0":{"name":"(anonymous_0)","decl":{"start":{"line":6,"column":2},"end":{"line":6,"column":7}},"loc":{"start":{"line":9,"column":19},"end":{"line":20,"column":3}}},"1":{"name":"(anonymous_1)","decl":{"start":{"line":22,"column":2},"end":{"line":22,"column":7}},"loc":{"start":{"line":22,"column":19},"end":{"line":24,"column":3}}}},"branchMap":{},"s":{"0":1,"1":1,"2":1,"3":1,"4":1},"f":{"0":1,"1":1},"b":{}}
,"C:\\python codes\\event-driven-notification-engine\\src\\providers\\WhatsAppProvider.ts": {"path":"C:\\python codes\\event-driven-notification-engine\\src\\providers\\WhatsAppProvider.ts","statementMap":{"0":{"start":{"line":12,"column":4},"end":{"line":12,"column":49}},"1":{"start":{"line":13,"column":4},"end":{"line":13,"column":25}},"2":{"start":{"line":15,"column":4},"end":{"line":19,"column":6}},"3":{"start":{"line":23,"column":4},"end":{"line":23,"column":16}},"4":{"start":{"line":4,"column":0},"end":{"line":4,"column":13}}},"fnMap":{"0":{"name":"(anonymous_0)","decl":{"start":{"line":6,"column":2},"end":{"line":6,"column":7}},"loc":{"start":{"line":9,"column":19},"end":{"line":20,"column":3}}},"1":{"name":"(anonymous_1)","decl":{"start":{"line":22,"column":2},"end":{"line":22,"column":7}},"loc":{"start":{"line":22,"column":19},"end":{"line":24,"column":3}}}},"branchMap":{},"s":{"0":1,"1":1,"2":1,"3":1,"4":1},"f":{"0":1,"1":1},"b":{}}
,"C:\\python codes\\event-driven-notification-engine\\src\\retry\\retryPolicy.ts": {"path":"C:\\python codes\\event-driven-notification-engine\\src\\retry\\retryPolicy.ts","statementMap":{"0":{"start":{"line":5,"column":0},"end":{"line":5,"column":16}},"1":{"start":{"line":9,"column":2},"end":{"line":24,"column":3}},"2":{"start":{"line":12,"column":6},"end":{"line":12,"column":32}},"3":{"start":{"line":15,"column":6},"end":{"line":15,"column":31}},"4":{"start":{"line":18,"column":6},"end":{"line":18,"column":31}},"5":{"start":{"line":22,"column":6},"end":{"line":22,"column":31}}},"fnMap":{"0":{"name":"getRetryPolicy","decl":{"start":{"line":5,"column":16},"end":{"line":5,"column":30}},"loc":{"start":{"line":6,"column":18},"end":{"line":26,"column":1}}}},"branchMap":{"0":{"loc":{"start":{"line":9,"column":2},"end":{"line":24,"column":3}},"type":"switch","locations":[{"start":{"line":11,"column":4},"end":{"line":12,"column":32}},{"start":{"line":14,"column":4},"end":{"line":15,"column":31}},{"start":{"line":17,"column":4},"end":{"line":18,"column":31}},{"start":{"line":20,"column":4},"end":{"line":20,"column":15}},{"start":{"line":21,"column":4},"end":{"line":22,"column":31}}]}},"s":{"0":1,"1":2,"2":1,"3":0,"4":0,"5":1},"f":{"0":2},"b":{"0":[1,0,0,1,1]}}
,"C:\\python codes\\event-driven-notification-engine\\src\\routing\\notificationRouter.ts": {"path":"C:\\python codes\\event-driven-notification-engine\\src\\routing\\notificationRouter.ts","statementMap":{"0":{"start":{"line":5,"column":0},"end":{"line":5,"column":16}},"1":{"start":{"line":6,"column":49},"end":{"line":13,"column":4}},"2":{"start":{"line":15,"column":2},"end":{"line":17,"column":4}}},"fnMap":{"0":{"name":"routeEvent","decl":{"start":{"line":5,"column":16},"end":{"line":5,"column":26}},"loc":{"start":{"line":5,"column":44},"end":{"line":18,"column":1}}}},"branchMap":{"0":{"loc":{"start":{"line":16,"column":14},"end":{"line":16,"column":50}},"type":"binary-expr","locations":[{"start":{"line":16,"column":14},"end":{"line":16,"column":37}},{"start":{"line":16,"column":41},"end":{"line":16,"column":50}}]}},"s":{"0":1,"1":2,"2":2},"f":{"0":2},"b":{"0":[2,0]}}
,"C:\\python codes\\event-driven-notification-engine\\src\\template-engine\\templateRenderer.ts": {"path":"C:\\python codes\\event-driven-notification-engine\\src\\template-engine\\templateRenderer.ts","statementMap":{"0":{"start":{"line":3,"column":0},"end":{"line":3,"column":16}},"1":{"start":{"line":1,"column":0},"end":{"line":1,"column":36}},"2":{"start":{"line":8,"column":4},"end":{"line":8,"column":32}},"3":{"start":{"line":10,"column":2},"end":{"line":10,"column":24}}},"fnMap":{"0":{"name":"renderTemplate","decl":{"start":{"line":3,"column":16},"end":{"line":3,"column":30}},"loc":{"start":{"line":5,"column":31},"end":{"line":11,"column":1}}}},"branchMap":{},"s":{"0":1,"1":1,"2":8,"3":8},"f":{"0":8},"b":{}}
,"C:\\python codes\\event-driven-notification-engine\\src\\template-engine\\templateValidator.ts": {"path":"C:\\python codes\\event-driven-notification-engine\\src\\template-engine\\templateValidator.ts","statementMap":{"0":{"start":{"line":1,"column":0},"end":{"line":1,"column":16}},"1":{"start":{"line":6,"column":34},"end":{"line":6,"column":36}},"2":{"start":{"line":8,"column":2},"end":{"line":15,"column":3}},"3":{"start":{"line":9,"column":4},"end":{"line":14,"column":5}},"4":{"start":{"line":13,"column":6},"end":{"line":13,"column":32}},"5":{"start":{"line":17,"column":2},"end":{"line":17,"column":23}}},"fnMap":{"0":{"name":"validateTemplateData","decl":{"start":{"line":1,"column":16},"end":{"line":1,"column":36}},"loc":{"start":{"line":3,"column":27},"end":{"line":18,"column":1}}}},"branchMap":{"0":{"loc":{"start":{"line":9,"column":4},"end":{"line":14,"column":5}},"type":"if","locations":[{"start":{"line":9,"column":4},"end":{"line":14,"column":5}},{"start":{},"end":{}}]},"1":{"loc":{"start":{"line":10,"column":6},"end":{"line":11,"column":26}},"type":"binary-expr","locations":[{"start":{"line":10,"column":6},"end":{"line":10,"column":31}},{"start":{"line":11,"column":6},"end":{"line":11,"column":26}}]}},"s":{"0":1,"1":2,"2":2,"3":4,"4":1,"5":2},"f":{"0":2},"b":{"0":[1,3],"1":[4,3]}}
}
