TN:
SF:src\analytics\metrics.ts
FN:11,recordDelivery
FN:25,recordFailure
FN:39,recordLatency
FN:56,getMetrics
FNF:4
FNH:2
FNDA:1,recordDelivery
FNDA:0,recordFailure
FNDA:0,recordLatency
FNDA:1,getMetrics
DA:1,1
DA:11,1
DA:16,1
DA:18,1
DA:25,1
DA:30,0
DA:32,0
DA:39,1
DA:45,0
DA:47,0
DA:49,0
DA:56,1
DA:58,1
LF:13
LH:8
BRDA:16,0,0,1
BRDA:16,0,1,1
BRDA:30,1,0,0
BRDA:30,1,1,0
BRDA:45,2,0,0
BRDA:45,2,1,0
BRF:6
BRH:2
end_of_record
TN:
SF:src\circuitbreaker\circuitBreaker.ts
FN:1,(anonymous_0)
FN:19,(anonymous_1)
FNF:2
FNH:2
FNDA:1,(anonymous_0)
FNDA:1,(anonymous_1)
DA:1,1
DA:2,1
DA:3,1
DA:4,1
DA:7,1
DA:9,1
DA:11,1
DA:13,1
DA:15,1
DA:17,1
DA:23,1
DA:27,0
DA:32,0
DA:37,0
DA:45,1
DA:48,1
DA:50,0
DA:52,0
DA:55,0
DA:59,1
DA:61,1
DA:64,1
DA:69,0
DA:74,1
LF:24
LH:17
BRDA:1,0,0,1
BRDA:1,0,1,1
BRDA:23,1,0,0
BRDA:23,1,1,1
BRDA:27,2,0,0
BRDA:27,2,1,0
BRDA:64,3,0,0
BRDA:64,3,1,1
BRF:8
BRH:4
end_of_record
TN:
SF:src\compliance\classificationEngine.ts
FN:5,classifyNotification
FNF:1
FNH:1
FNDA:4,classifyNotification
DA:5,1
DA:9,4
DA:14,3
DA:17,1
LF:4
LH:4
BRDA:9,0,0,3
BRDA:9,0,1,1
BRDA:10,1,0,4
BRDA:10,1,1,3
BRDA:10,1,2,2
BRF:5
BRH:5
end_of_record
TN:
SF:src\compliance\quietHours.ts
FN:1,isQuietHours
FNF:1
FNH:1
FNDA:4,isQuietHours
DA:1,1
DA:5,4
DA:7,4
DA:15,4
LF:4
LH:4
BRDA:2,0,0,3
BRDA:15,1,0,4
BRDA:15,1,1,4
BRF:3
BRH:3
end_of_record
TN:
SF:src\localization\localizationLoader.ts
FN:15,getLocale
FNF:1
FNH:1
FNDA:3,getLocale
DA:1,1
DA:2,1
DA:3,1
DA:4,1
DA:5,1
DA:7,1
DA:15,1
DA:16,3
LF:8
LH:8
BRDA:16,0,0,3
BRDA:16,0,1,1
BRF:2
BRH:2
end_of_record
TN:
SF:src\providers\EmailProvider.ts
FN:17,(anonymous_1)
FN:37,(anonymous_2)
FNF:2
FNH:2
FNDA:1,(anonymous_1)
FNDA:1,(anonymous_2)
DA:1,1
DA:5,1
DA:7,2
DA:23,1
DA:30,1
DA:38,1
LF:6
LH:6
BRF:0
BRH:0
end_of_record
TN:
SF:src\providers\InAppProvider.ts
FN:6,(anonymous_0)
FN:22,(anonymous_1)
FNF:2
FNH:2
FNDA:1,(anonymous_0)
FNDA:1,(anonymous_1)
DA:4,1
DA:12,1
DA:13,1
DA:15,1
DA:23,1
LF:5
LH:5
BRF:0
BRH:0
end_of_record
TN:
SF:src\providers\PushProvider.ts
FN:6,(anonymous_0)
FN:22,(anonymous_1)
FNF:2
FNH:2
FNDA:1,(anonymous_0)
FNDA:1,(anonymous_1)
DA:4,1
DA:12,1
DA:13,1
DA:15,1
DA:23,1
LF:5
LH:5
BRF:0
BRH:0
end_of_record
TN:
SF:src\providers\SMSProvider.ts
FN:6,(anonymous_0)
FN:22,(anonymous_1)
FNF:2
FNH:2
FNDA:1,(anonymous_0)
FNDA:1,(anonymous_1)
DA:4,1
DA:12,1
DA:13,1
DA:15,1
DA:23,1
LF:5
LH:5
BRF:0
BRH:0
end_of_record
TN:
SF:src\providers\WhatsAppProvider.ts
FN:6,(anonymous_0)
FN:22,(anonymous_1)
FNF:2
FNH:2
FNDA:1,(anonymous_0)
FNDA:1,(anonymous_1)
DA:4,1
DA:12,1
DA:13,1
DA:15,1
DA:23,1
LF:5
LH:5
BRF:0
BRH:0
end_of_record
TN:
SF:src\retry\retryPolicy.ts
FN:5,getRetryPolicy
FNF:1
FNH:1
FNDA:2,getRetryPolicy
DA:5,1
DA:9,2
DA:12,1
DA:15,0
DA:18,0
DA:22,1
LF:6
LH:4
BRDA:9,0,0,1
BRDA:9,0,1,0
BRDA:9,0,2,0
BRDA:9,0,3,1
BRDA:9,0,4,1
BRF:5
BRH:3
end_of_record
TN:
SF:src\routing\notificationRouter.ts
FN:5,routeEvent
FNF:1
FNH:1
FNDA:2,routeEvent
DA:5,1
DA:6,2
DA:15,2
LF:3
LH:3
BRDA:16,0,0,2
BRDA:16,0,1,0
BRF:2
BRH:1
end_of_record
TN:
SF:src\template-engine\templateRenderer.ts
FN:3,renderTemplate
FNF:1
FNH:1
FNDA:8,renderTemplate
DA:1,1
DA:3,1
DA:8,8
DA:10,8
LF:4
LH:4
BRF:0
BRH:0
end_of_record
TN:
SF:src\template-engine\templateValidator.ts
FN:1,validateTemplateData
FNF:1
FNH:1
FNDA:2,validateTemplateData
DA:1,1
DA:6,2
DA:8,2
DA:9,4
DA:13,1
DA:17,2
LF:6
LH:6
BRDA:9,0,0,1
BRDA:9,0,1,3
BRDA:10,1,0,4
BRDA:10,1,1,3
BRF:4
BRH:4
end_of_record
